2022-10-28 10:47:51,894 [ 1] INFO  Unity: LoadingManager start
2022-10-28 10:47:55,051 [ 1] INFO  Unity: DataManager > DataManager()
2022-10-28 10:47:58,795 [ 1] INFO  Unity: UserLoginRequest::user :PXbask psw:98259683Zyx
2022-10-28 10:47:58,796 [ 1] INFO  Unity: ConnectToServer() Start 
2022-10-28 10:47:58,800 [ 1] INFO  Unity: DoConnect
2022-10-28 10:47:58,802 [ 1] INFO  Unity: NetClient.DoConnect on 127.0.0.1:8000
2022-10-28 10:47:58,806 [ 1] INFO  Unity: Connect[0] to server 127.0.0.1:8000

2022-10-28 10:47:58,811 [ 1] INFO  Unity: LoadingMesager::OnGameServerConnect :0 reason:Success
2022-10-28 10:47:58,951 [ 1] INFO  Unity: OnUserLogin:Success [None]
2022-10-28 10:47:58,953 [ 1] INFO  Unity: LoadLevel: CharSelect
2022-10-28 10:47:59,284 [ 1] INFO  Unity: LevelLoadCompleted:1
2022-10-28 10:48:00,649 [ 1] INFO  Unity: Select Char:[1]FaU[Wizard]
2022-10-28 10:48:01,312 [ 1] INFO  Unity: UserGameEnterRequest::index :0
2022-10-28 10:48:01,353 [ 1] INFO  Unity: OnUserGameEnter:Success [None]
2022-10-28 10:48:01,355 [ 1] INFO  Unity: ItemManager:Init[ID:1, Count:20]
2022-10-28 10:48:01,356 [ 1] INFO  Unity: ItemManager:Init[ID:2, Count:20]
2022-10-28 10:48:01,365 [ 1] INFO  Unity: OnMapCharacterEnter:MapID:1 CharacterID:1
2022-10-28 10:48:01,371 [ 1] INFO  Unity: AddCharacter:1:FaU Map:1 Entity:(10:pos:(5000,4000,820),dir:(100,0,0),spd:0
2022-10-28 10:48:01,374 [ 1] INFO  Unity: LoadLevel: MainCity
2022-10-28 10:48:02,519 [ 1] WARN  Unity: No mesh data available for mesh Sphere001 on particle system fx_portal. Make sure Read/Write Enabled is set in the importer to work on the particle system renderer
UnityEngine.Resources:Load(String)
Resloader:Load(String) (at Assets/Scripts/Assets/Resloader.cs:11)
SoundManager:PlayMusic(String) (at Assets/Scripts/Managers/SoundManager.cs:71)
Services.MapService:EnterMap(Int32) (at Assets/Scripts/Services/MapService.cs:36)
Services.MapService:OnMapCharacterEnter(Object, MapCharacterEnterResponse) (at Assets/Scripts/Services/MapService.cs:93)
Network.MessageDistributer`1:RaiseEvent(Object, MapCharacterEnterResponse)
Network.MessageDispatch`1:Dispatch(Object, NetMessageResponse)
Network.MessageDistributer`1:Distribute()
Network.NetClient:ProceeMessage() (at Assets/Scripts/Network/NetClient.cs:417)
Network.NetClient:Update() (at Assets/Scripts/Network/NetClient.cs:435)

2022-10-28 10:48:02,520 [ 1] WARN  Unity: No mesh data available for mesh Sphere001 on particle system fx_portal. Make sure Read/Write Enabled is set in the importer to work on the particle system renderer
UnityEngine.Resources:Load(String)
Resloader:Load(String) (at Assets/Scripts/Assets/Resloader.cs:11)
SoundManager:PlayMusic(String) (at Assets/Scripts/Managers/SoundManager.cs:71)
Services.MapService:EnterMap(Int32) (at Assets/Scripts/Services/MapService.cs:36)
Services.MapService:OnMapCharacterEnter(Object, MapCharacterEnterResponse) (at Assets/Scripts/Services/MapService.cs:93)
Network.MessageDistributer`1:RaiseEvent(Object, MapCharacterEnterResponse)
Network.MessageDispatch`1:Dispatch(Object, NetMessageResponse)
Network.MessageDistributer`1:Distribute()
Network.NetClient:ProceeMessage() (at Assets/Scripts/Network/NetClient.cs:417)
Network.NetClient:Update() (at Assets/Scripts/Network/NetClient.cs:435)

2022-10-28 10:48:02,522 [ 1] INFO  Unity: OnMapCharacterEnter:MapID:1
2022-10-28 10:48:02,686 [ 1] INFO  Unity: LevelLoadCompleted:1
2022-10-28 10:48:02,790 [ 1] INFO  Unity: Set Channel:Local
2022-10-28 10:48:03,007 [ 1] INFO  Unity: MoveForward
2022-10-28 10:48:03,455 [ 1] INFO  Unity: SetDirection:(98, -18, 0)
2022-10-28 10:48:03,553 [ 1] INFO  Unity: SetDirection:(93, -36, 0)
2022-10-28 10:48:03,653 [ 1] INFO  Unity: SetDirection:(84, -54, 0)
2022-10-28 10:48:03,737 [ 1] INFO  Unity: SetDirection:(73, -68, 0)
2022-10-28 10:48:03,838 [ 1] INFO  Unity: SetDirection:(58, -82, 0)
2022-10-28 10:48:03,920 [ 1] INFO  Unity: SetDirection:(43, -90, 0)
2022-10-28 10:48:04,006 [ 1] INFO  Unity: SetDirection:(26, -96, 0)
2022-10-28 10:48:04,106 [ 1] INFO  Unity: SetDirection:(7, -100, 0)
2022-10-28 10:48:04,272 [ 1] INFO  Unity: SetDirection:(-11, -99, 0)
2022-10-28 10:48:04,771 [ 1] INFO  Unity: SetDirection:(-29, -96, 0)
2022-10-28 10:48:05,384 [ 1] INFO  Unity: SetDirection:(-46, -89, 0)
2022-10-28 10:48:05,533 [ 1] INFO  Unity: SetDirection:(-61, -79, 0)
2022-10-28 10:48:05,632 [ 1] INFO  Unity: SetDirection:(-75, -66, 0)
2022-10-28 10:48:05,748 [ 1] INFO  Unity: SetDirection:(-85, -52, 0)
2022-10-28 10:48:06,726 [ 1] INFO  Unity: SetDirection:(-94, -35, 0)
2022-10-28 10:48:09,560 [ 1] INFO  Unity: SetPosition:(4078, 2944, 811)
2022-10-28 10:48:09,973 [ 1] INFO  Unity: SetDirection:(-98, -18, 0)
2022-10-28 10:48:10,952 [ 1] INFO  Unity: Stop
2022-10-28 10:48:13,744 [ 1] INFO  Unity: MoveForward
2022-10-28 10:48:17,397 [ 1] INFO  Unity: SetDirection:(-100, 0, 0)
2022-10-28 10:48:20,679 [ 1] INFO  Unity: TeleporterObject: Character[FaU] EnterTeleporter[3:主城传入点1]
2022-10-28 10:48:22,218 [ 1] INFO  Unity: SetDirection:(-98, -18, 0)
2022-10-28 10:48:23,030 [ 1] INFO  Unity: TeleporterObject: Character[FaU] EnterTeleporter[1:主城->野外]
2022-10-28 10:48:23,031 [ 1] INFO  Unity: MapTeleportRequest: teleporterId:1
2022-10-28 10:48:23,066 [ 1] INFO  Unity: OnMapCharacterLeave:MapID:1 CharacterID:10
2022-10-28 10:48:23,068 [ 1] INFO  Unity: RemoveCharacter:10
2022-10-28 10:48:23,071 [ 1] INFO  Unity: OnMapCharacterEnter:MapID:1 CharacterID:2
2022-10-28 10:48:23,073 [ 1] INFO  Unity: AddCharacter:1:FaU Map:2 Entity:(10:pos:(3183,4007,-2),dir:(100,0,0),spd:300
2022-10-28 10:48:23,085 [ 1] INFO  Unity: AddCharacter:1:恶鬼 Map:2 Entity:(1:pos:(5887,1573,7),dir:(9,100,0),spd:0
2022-10-28 10:48:23,096 [ 1] INFO  Unity: AddCharacter:2:山丘巨人 Map:2 Entity:(2:pos:(5540,1682,4),dir:(20,98,0),spd:0
2022-10-28 10:48:23,107 [ 1] INFO  Unity: AddCharacter:3:小恶魔 Map:2 Entity:(3:pos:(4775,2865,14),dir:(-30,95,0),spd:0
2022-10-28 10:48:23,119 [ 1] INFO  Unity: AddCharacter:4:死神 Map:2 Entity:(4:pos:(5683,4173,0),dir:(28,-96,0),spd:0
2022-10-28 10:48:23,131 [ 1] INFO  Unity: LoadLevel: Map01
2022-10-28 10:48:23,651 [ 1] WARN  Unity: No mesh data available for mesh Sphere001 on particle system fx_portal. Make sure Read/Write Enabled is set in the importer to work on the particle system renderer
UnityEngine.Resources:Load(String)
Resloader:Load(String) (at Assets/Scripts/Assets/Resloader.cs:11)
SoundManager:PlayMusic(String) (at Assets/Scripts/Managers/SoundManager.cs:71)
Services.MapService:EnterMap(Int32) (at Assets/Scripts/Services/MapService.cs:36)
Services.MapService:OnMapCharacterEnter(Object, MapCharacterEnterResponse) (at Assets/Scripts/Services/MapService.cs:93)
Network.MessageDistributer`1:RaiseEvent(Object, MapCharacterEnterResponse)
Network.MessageDispatch`1:Dispatch(Object, NetMessageResponse)
Network.MessageDistributer`1:Distribute()
Network.NetClient:ProceeMessage() (at Assets/Scripts/Network/NetClient.cs:417)
Network.NetClient:Update() (at Assets/Scripts/Network/NetClient.cs:435)

2022-10-28 10:48:23,652 [ 1] INFO  Unity: OnMapCharacterEnter:MapID:2
2022-10-28 10:48:23,652 [ 1] WARN  Unity: Failed to create agent because it is not close enough to the NavMesh
UnityEngine.GameObject:AddComponent()
PlayerInputController:Start() (at Assets/Scripts/GameObject/PlayerInputController.cs:53)

2022-10-28 10:48:23,678 [ 1] INFO  Unity: MoveForward
2022-10-28 10:48:23,845 [ 1] INFO  Unity: LevelLoadCompleted:1
2022-10-28 10:48:23,848 [ 1] INFO  Unity: Stop
2022-10-28 10:48:23,850 [ 1] INFO  Unity: TeleporterObject: Character[FaU] EnterTeleporter[6:野外传入点]
2022-10-28 10:48:24,437 [ 1] INFO  Unity: SetDirection:(98, -18, 0)
2022-10-28 10:48:24,537 [ 1] INFO  Unity: SetDirection:(93, -36, 0)
2022-10-28 10:48:24,644 [ 1] INFO  Unity: SetDirection:(85, -53, 0)
2022-10-28 10:48:25,703 [ 1] INFO  Unity: MoveForward
2022-10-28 10:48:26,883 [ 1] INFO  Unity: BattleTarget: SetTarget:[2]山丘巨人
2022-10-28 10:48:27,715 [ 1] INFO  Unity: SetPosition:(3729, 3686, 5)
2022-10-28 10:48:28,195 [ 1] INFO  Unity: BattleTarget: SetTarget:[1]恶鬼
2022-10-28 10:48:28,576 [ 1] INFO  Unity: BattleTarget: SetTarget:[2]山丘巨人
2022-10-28 10:48:29,239 [ 1] INFO  Unity: BattleTarget: SetTarget:[1]恶鬼
2022-10-28 10:48:29,653 [ 1] INFO  Unity: BattleTarget: SetTarget:[2]山丘巨人
2022-10-28 10:48:29,670 [ 1] INFO  Unity: SetPosition:(4232, 3372, 5)
2022-10-28 10:48:30,017 [ 1] INFO  Unity: BattleTarget: SetTarget:[1]恶鬼
2022-10-28 10:48:30,367 [ 1] INFO  Unity: BattleTarget: SetTarget:[2]山丘巨人
2022-10-28 10:48:30,751 [ 1] INFO  Unity: BattleTarget: SetTarget:[1]恶鬼
2022-10-28 10:48:31,630 [ 1] INFO  Unity: SetPosition:(4730, 3062, 6)
2022-10-28 10:48:33,055 [ 1] INFO  Unity: SetDirection:(74, -67, 0)
2022-10-28 10:48:34,413 [ 1] INFO  Unity: SetDirection:(60, -80, 0)
2022-10-28 10:48:34,545 [ 1] INFO  Unity: SetDirection:(44, -90, 0)
2022-10-28 10:48:35,473 [ 1] INFO  Unity: SetDirection:(26, -96, 0)
2022-10-28 10:48:35,823 [ 1] INFO  Unity: BattleTarget: SetTarget:[2]山丘巨人
2022-10-28 10:48:35,872 [ 1] INFO  Unity: Stop
2022-10-28 10:48:36,585 [ 1] INFO  Unity: SendCastSkill: id:202 entityId:10 targetId:2 position:(0,0,0)
2022-10-28 10:48:36,656 [ 1] INFO  Unity: SendCastSkill: id:202 entityId:10 targetId:2 position:(0,0,0)
2022-10-28 10:48:37,164 [ 1] INFO  Unity: Creature:2 Damage:100
2022-10-28 10:48:40,079 [ 1] INFO  Unity: SetDirection:(44, -90, 0)
2022-10-28 10:48:41,785 [ 1] INFO  Unity: SetDirection:(59, -81, 0)
2022-10-28 10:48:41,958 [ 1] INFO  Unity: SetDirection:(73, -68, 0)
2022-10-28 10:48:42,074 [ 1] INFO  Unity: SetDirection:(84, -54, 0)
2022-10-28 10:48:42,869 [ 1] INFO  Unity: SetDirection:(72, -70, 0)
2022-10-28 10:48:42,986 [ 1] INFO  Unity: SetDirection:(58, -82, 0)
2022-10-28 10:48:44,627 [ 1] INFO  Unity: SendCastSkill: id:204 entityId:10 targetId:2 position:(0,0,0)
2022-10-28 10:48:44,660 [ 1] INFO  Unity: SendCastSkill: id:204 entityId:10 targetId:2 position:(0,0,0)
2022-10-28 10:48:45,157 [ 1] INFO  Unity: Creature:2 Damage:100
2022-10-28 10:48:50,276 [ 1] INFO  Unity: BattleTarget: SetTarget:[1]恶鬼
2022-10-28 10:48:57,565 [ 1] INFO  Unity: OnDestroy NetworkManager.
2022-10-28 10:48:57,566 [ 1] WARN  Unity: CloseConnection(), errorCode: 1007
UnityEngine.Debug:LogWarning(Object)
Network.NetClient:CloseConnection(Int32) (at Assets/Scripts/Network/NetClient.cs:176)
Network.NetClient:OnDestroy() (at Assets/Scripts/Network/NetClient.cs:171)

